<?xml version="1.0" encoding="UTF-8"?>
<!-- Generated by org.testng.reporters.JUnitReportReporter -->
<testsuite skipped="0" hostname="ManosiKannan" name="com.selbot.testcases.TC003_EditLead" tests="1" failures="0" timestamp="20 Apr 2019 17:15:01 GMT" time="34.376" errors="0">
  <testcase name="editLead" time="34.376" classname="com.selbot.testcases.TC003_EditLead"/>
</testsuite> <!-- com.selbot.testcases.TC003_EditLead -->
