<?xml version="1.0" encoding="UTF-8"?>
<!-- Generated by org.testng.reporters.JUnitReportReporter -->
<testsuite skipped="0" hostname="ManosiKannan" name="com.selbot.testcases.TC002_DuplicateLead" tests="1" failures="0" timestamp="21 Apr 2019 05:37:34 GMT" time="44.449" errors="0">
  <testcase name="duplicateLead" time="44.449" classname="com.selbot.testcases.TC002_DuplicateLead"/>
</testsuite> <!-- com.selbot.testcases.TC002_DuplicateLead -->
